<?xml version="1.0" encoding="UTF-8"?>
<!-- Generated by org.testng.reporters.JUnitReportReporter -->
<testsuite skipped="0" hostname="DDC2-D-9tjj882" name="Casestudy3.Casestudy3.Onlineshopping" tests="4" failures="0" timestamp="23 Jul 2019 04:32:10 GMT" time="46.997" errors="0">
  <testcase name="testRegistration" time="34.321" classname="Casestudy3.Casestudy3.Onlineshopping"/>
  <testcase name="testLogin" time="0.658" classname="Casestudy3.Casestudy3.Onlineshopping"/>
  <testcase name="testCart" time="4.225" classname="Casestudy3.Casestudy3.Onlineshopping"/>
  <testcase name="testPayment" time="7.793" classname="Casestudy3.Casestudy3.Onlineshopping"/>
</testsuite> <!-- Casestudy3.Casestudy3.Onlineshopping -->
